action: py37, msg: getenv
cwd: /Users/snehkoul/Desktop/gitrepo/People-s-database-flask-app
cmd: /Users/snehkoul/Desktop/gitrepo/People-s-database-flask-app/.tox/py37/bin/python -m pip install connexion 'connexion[swagger-ui]' pytest
Collecting connexion
  Downloading https://files.pythonhosted.org/packages/97/fa/26227bfc5b5888e74d5d65d94e5e08e55092c60d7e31642d151c4d06f4af/connexion-2.3.0-py2.py3-none-any.whl (1.0MB)
Collecting pytest
  Downloading https://files.pythonhosted.org/packages/2f/19/d5f71752f71451ccc5ed5f6739e9da4a235f38783fdaf3629cae41b2ca7b/pytest-5.1.2-py3-none-any.whl (224kB)
Collecting requests>=2.9.1 (from connexion)
  Downloading https://files.pythonhosted.org/packages/51/bd/23c926cd341ea6b7dd0b2a00aba99ae0f828be89d72b2190f27c11d4b7fb/requests-2.22.0-py2.py3-none-any.whl (57kB)
Collecting six>=1.9 (from connexion)
  Using cached https://files.pythonhosted.org/packages/73/fb/00a976f728d0d1fecfe898238ce23f502a721c0ac0ecfedb80e0d88c64e9/six-1.12.0-py2.py3-none-any.whl
Collecting PyYAML>=5.1 (from connexion)
  Using cached https://files.pythonhosted.org/packages/e3/e8/b3212641ee2718d556df0f23f78de8303f068fe29cdaa7a91018849582fe/PyYAML-5.1.2.tar.gz
Collecting openapi-spec-validator>=0.2.4 (from connexion)
  Downloading https://files.pythonhosted.org/packages/4a/ef/7ec6c49367faea4c666e536fcb5d4165a677220ccae882e861d2c2f02878/openapi_spec_validator-0.2.8-py3-none-any.whl
Collecting clickclick>=1.2 (from connexion)
  Downloading https://files.pythonhosted.org/packages/b6/51/2b04f7a56dcbacc0e3a7cf726e1d88d28866bf488a7a0668582306e1e643/clickclick-1.2.2-py2.py3-none-any.whl
Collecting jsonschema<3.0.0,>=2.5.1 (from connexion)
  Downloading https://files.pythonhosted.org/packages/77/de/47e35a97b2b05c2fadbec67d44cfcdcd09b8086951b331d82de90d2912da/jsonschema-2.6.0-py2.py3-none-any.whl
Collecting flask>=0.10.1 (from connexion)
  Downloading https://files.pythonhosted.org/packages/9b/93/628509b8d5dc749656a9641f4caf13540e2cdec85276964ff8f43bbb1d3b/Flask-1.1.1-py2.py3-none-any.whl (94kB)
Collecting inflection>=0.3.1 (from connexion)
  Downloading https://files.pythonhosted.org/packages/d5/35/a6eb45b4e2356fe688b21570864d4aa0d0a880ce387defe9c589112077f8/inflection-0.3.1.tar.gz
Collecting attrs>=17.4.0 (from pytest)
  Downloading https://files.pythonhosted.org/packages/23/96/d828354fa2dbdf216eaa7b7de0db692f12c234f7ef888cc14980ef40d1d2/attrs-19.1.0-py2.py3-none-any.whl
Collecting wcwidth (from pytest)
  Downloading https://files.pythonhosted.org/packages/7e/9f/526a6947247599b084ee5232e4f9190a38f398d7300d866af3ab571a5bfe/wcwidth-0.1.7-py2.py3-none-any.whl
Collecting more-itertools>=4.0.0 (from pytest)
  Downloading https://files.pythonhosted.org/packages/45/dc/3241eef99eb45f1def35cf93af35d1cf9ef4c0991792583b8f33ea41b092/more_itertools-7.2.0-py3-none-any.whl (57kB)
Collecting importlib-metadata>=0.12; python_version < "3.8" (from pytest)
  Using cached https://files.pythonhosted.org/packages/89/77/8bae90e4534a8fee1e0c3ee4890e2c7d215dccd7386cf2ec7555e529d6bb/importlib_metadata-0.20-py2.py3-none-any.whl
Collecting pluggy<1.0,>=0.12 (from pytest)
  Using cached https://files.pythonhosted.org/packages/06/ee/de89e0582276e3551df3110088bf20844de2b0e7df2748406876cc78e021/pluggy-0.12.0-py2.py3-none-any.whl
Collecting py>=1.5.0 (from pytest)
  Downloading https://files.pythonhosted.org/packages/76/bc/394ad449851729244a97857ee14d7cba61ddb268dce3db538ba2f2ba1f0f/py-1.8.0-py2.py3-none-any.whl (83kB)
Collecting packaging (from pytest)
  Downloading https://files.pythonhosted.org/packages/ec/22/630ac83e8f8a9566c4f88038447ed9e16e6f10582767a01f31c769d9a71e/packaging-19.1-py2.py3-none-any.whl
Collecting atomicwrites>=1.0 (from pytest)
  Downloading https://files.pythonhosted.org/packages/52/90/6155aa926f43f2b2a22b01be7241be3bfd1ceaf7d0b3267213e8127d41f4/atomicwrites-1.3.0-py2.py3-none-any.whl
Collecting urllib3!=1.25.0,!=1.25.1,<1.26,>=1.21.1 (from requests>=2.9.1->connexion)
  Using cached https://files.pythonhosted.org/packages/e6/60/247f23a7121ae632d62811ba7f273d0e58972d75e58a94d329d51550a47d/urllib3-1.25.3-py2.py3-none-any.whl
Collecting chardet<3.1.0,>=3.0.2 (from requests>=2.9.1->connexion)
  Downloading https://files.pythonhosted.org/packages/bc/a9/01ffebfb562e4274b6487b4bb1ddec7ca55ec7510b22e4c51f14098443b8/chardet-3.0.4-py2.py3-none-any.whl (133kB)
Collecting certifi>=2017.4.17 (from requests>=2.9.1->connexion)
  Downloading https://files.pythonhosted.org/packages/69/1b/b853c7a9d4f6a6d00749e94eb6f3a041e342a885b87340b79c1ef73e3a78/certifi-2019.6.16-py2.py3-none-any.whl (157kB)
Collecting idna<2.9,>=2.5 (from requests>=2.9.1->connexion)
  Downloading https://files.pythonhosted.org/packages/14/2c/cd551d81dbe15200be1cf41cd03869a46fe7226e7450af7a6545bfc474c9/idna-2.8-py2.py3-none-any.whl (58kB)
Collecting click>=4.0 (from clickclick>=1.2->connexion)
  Downloading https://files.pythonhosted.org/packages/fa/37/45185cb5abbc30d7257104c434fe0b07e5a195a6847506c074527aa599ec/Click-7.0-py2.py3-none-any.whl (81kB)
Collecting Jinja2>=2.10.1 (from flask>=0.10.1->connexion)
  Downloading https://files.pythonhosted.org/packages/1d/e7/fd8b501e7a6dfe492a433deb7b9d833d39ca74916fa8bc63dd1a4947a671/Jinja2-2.10.1-py2.py3-none-any.whl (124kB)
Collecting itsdangerous>=0.24 (from flask>=0.10.1->connexion)
  Downloading https://files.pythonhosted.org/packages/76/ae/44b03b253d6fade317f32c24d100b3b35c2239807046a4c953c7b89fa49e/itsdangerous-1.1.0-py2.py3-none-any.whl
Collecting Werkzeug>=0.15 (from flask>=0.10.1->connexion)
  Downloading https://files.pythonhosted.org/packages/b7/61/c0a1adf9ad80db012ed7191af98fa05faa95fa09eceb71bb6fa8b66e6a43/Werkzeug-0.15.6-py2.py3-none-any.whl (328kB)
Collecting zipp>=0.5 (from importlib-metadata>=0.12; python_version < "3.8"->pytest)
  Using cached https://files.pythonhosted.org/packages/74/3d/1ee25a26411ba0401b43c6376d2316a71addcc72ef8690b101b4ea56d76a/zipp-0.6.0-py2.py3-none-any.whl
Collecting pyparsing>=2.0.2 (from packaging->pytest)
  Downloading https://files.pythonhosted.org/packages/11/fa/0160cd525c62d7abd076a070ff02b2b94de589f1a9789774f17d7c54058e/pyparsing-2.4.2-py2.py3-none-any.whl (65kB)
Collecting MarkupSafe>=0.23 (from Jinja2>=2.10.1->flask>=0.10.1->connexion)
  Downloading https://files.pythonhosted.org/packages/ce/c6/f000f1af136ef74e4a95e33785921c73595c5390403f102e9b231b065b7a/MarkupSafe-1.1.1-cp37-cp37m-macosx_10_6_intel.whl
Building wheels for collected packages: PyYAML, inflection
  Building wheel for PyYAML (setup.py): started
  Building wheel for PyYAML (setup.py): finished with status 'done'
  Created wheel for PyYAML: filename=PyYAML-5.1.2-cp37-cp37m-macosx_10_9_x86_64.whl size=44108 sha256=db28b8851a86357c0a0d725fa3f1c8c138c84ae3a0cf64b5260e6c63a1f31763
  Stored in directory: /Users/snehkoul/Library/Caches/pip/wheels/d9/45/dd/65f0b38450c47cf7e5312883deb97d065e030c5cca0a365030
  Building wheel for inflection (setup.py): started
  Building wheel for inflection (setup.py): finished with status 'done'
  Created wheel for inflection: filename=inflection-0.3.1-cp37-none-any.whl size=6075 sha256=752178f9ff33535d5a36253b431264c445ec7ba539f352b2d4fd5c779976f947
  Stored in directory: /Users/snehkoul/Library/Caches/pip/wheels/9f/5a/d3/6fc3bf6516d2a3eb7e18f9f28b472110b59325f3f258fe9211
Successfully built PyYAML inflection
Installing collected packages: urllib3, chardet, certifi, idna, requests, six, PyYAML, jsonschema, openapi-spec-validator, click, clickclick, MarkupSafe, Jinja2, itsdangerous, Werkzeug, flask, inflection, connexion, attrs, wcwidth, more-itertools, zipp, importlib-metadata, pluggy, py, pyparsing, packaging, atomicwrites, pytest
Successfully installed Jinja2-2.10.1 MarkupSafe-1.1.1 PyYAML-5.1.2 Werkzeug-0.15.6 atomicwrites-1.3.0 attrs-19.1.0 certifi-2019.6.16 chardet-3.0.4 click-7.0 clickclick-1.2.2 connexion-2.3.0 flask-1.1.1 idna-2.8 importlib-metadata-0.20 inflection-0.3.1 itsdangerous-1.1.0 jsonschema-2.6.0 more-itertools-7.2.0 openapi-spec-validator-0.2.8 packaging-19.1 pluggy-0.12.0 py-1.8.0 pyparsing-2.4.2 pytest-5.1.2 requests-2.22.0 six-1.12.0 urllib3-1.25.3 wcwidth-0.1.7 zipp-0.6.0
