action: py37, msg: envreport
cwd: /Users/snehkoul/Desktop/gitrepo/People-s-database-flask-app
cmd: /Users/snehkoul/Desktop/gitrepo/People-s-database-flask-app/.tox/py37/bin/python -m pip freeze
atomicwrites==1.3.0
attrs==19.1.0
bootcamp-sneh-sneh.koul==0.0.1
certifi==2019.6.16
chardet==3.0.4
Click==7.0
clickclick==1.2.2
connexion==2.3.0
Flask==1.1.1
idna==2.8
importlib-metadata==0.20
inflection==0.3.1
itsdangerous==1.1.0
Jinja2==2.10.1
jsonschema==2.6.0
MarkupSafe==1.1.1
more-itertools==7.2.0
openapi-spec-validator==0.2.8
packaging==19.1
pluggy==0.12.0
py==1.8.0
pyparsing==2.4.2
pytest==5.1.2
PyYAML==5.1.2
requests==2.22.0
six==1.12.0
urllib3==1.25.3
wcwidth==0.1.7
Werkzeug==0.15.6
zipp==0.6.0
