action: GLOB, msg: packaging
cwd: /Users/snehkoul/Desktop/gitrepo/People-s-database-flask-app
cmd: /anaconda3/bin/python setup.py sdist --formats=zip --dist-dir .tox/dist
running sdist
running egg_info
writing bootcamp_sneh_sneh.koul.egg-info/PKG-INFO
writing top-level names to bootcamp_sneh_sneh.koul.egg-info/top_level.txt
writing dependency_links to bootcamp_sneh_sneh.koul.egg-info/dependency_links.txt
reading manifest file 'bootcamp_sneh_sneh.koul.egg-info/SOURCES.txt'
writing manifest file 'bootcamp_sneh_sneh.koul.egg-info/SOURCES.txt'
running check
creating bootcamp-sneh-sneh.koul-0.0.1
creating bootcamp-sneh-sneh.koul-0.0.1/bootcamp_sneh_sneh.koul.egg-info
copying files to bootcamp-sneh-sneh.koul-0.0.1...
copying README.md -> bootcamp-sneh-sneh.koul-0.0.1
copying setup.py -> bootcamp-sneh-sneh.koul-0.0.1
copying bootcamp_sneh_sneh.koul.egg-info/PKG-INFO -> bootcamp-sneh-sneh.koul-0.0.1/bootcamp_sneh_sneh.koul.egg-info
copying bootcamp_sneh_sneh.koul.egg-info/SOURCES.txt -> bootcamp-sneh-sneh.koul-0.0.1/bootcamp_sneh_sneh.koul.egg-info
copying bootcamp_sneh_sneh.koul.egg-info/dependency_links.txt -> bootcamp-sneh-sneh.koul-0.0.1/bootcamp_sneh_sneh.koul.egg-info
copying bootcamp_sneh_sneh.koul.egg-info/top_level.txt -> bootcamp-sneh-sneh.koul-0.0.1/bootcamp_sneh_sneh.koul.egg-info
Writing bootcamp-sneh-sneh.koul-0.0.1/setup.cfg
creating '.tox/dist/bootcamp-sneh-sneh.koul-0.0.1.zip' and adding 'bootcamp-sneh-sneh.koul-0.0.1' to it
adding 'bootcamp-sneh-sneh.koul-0.0.1/PKG-INFO'
adding 'bootcamp-sneh-sneh.koul-0.0.1/README.md'
adding 'bootcamp-sneh-sneh.koul-0.0.1/setup.py'
adding 'bootcamp-sneh-sneh.koul-0.0.1/setup.cfg'
adding 'bootcamp-sneh-sneh.koul-0.0.1/bootcamp_sneh_sneh.koul.egg-info/PKG-INFO'
adding 'bootcamp-sneh-sneh.koul-0.0.1/bootcamp_sneh_sneh.koul.egg-info/SOURCES.txt'
adding 'bootcamp-sneh-sneh.koul-0.0.1/bootcamp_sneh_sneh.koul.egg-info/top_level.txt'
adding 'bootcamp-sneh-sneh.koul-0.0.1/bootcamp_sneh_sneh.koul.egg-info/dependency_links.txt'
removing 'bootcamp-sneh-sneh.koul-0.0.1' (and everything under it)
